0 info it worked if it ends with ok
1 verbose cli [ '/usr/local/bin/node',
1 verbose cli   '/usr/local/bin/npm',
1 verbose cli   'install',
1 verbose cli   'casperjs@1.1.0-beta1',
1 verbose cli   '-g' ]
2 info using npm@2.11.2
3 info using node@v0.12.6
4 verbose install initial load of /usr/local/lib/package.json
5 verbose readDependencies loading dependencies from /usr/local/lib/package.json
6 silly cache add args [ 'casperjs@1.1.0-beta1', null ]
7 verbose cache add spec casperjs@1.1.0-beta1
8 silly cache add parsed spec { raw: 'casperjs@1.1.0-beta1',
8 silly cache add   scope: null,
8 silly cache add   name: 'casperjs',
8 silly cache add   rawSpec: '1.1.0-beta1',
8 silly cache add   spec: '1.1.0-beta1',
8 silly cache add   type: 'version' }
9 silly addNamed casperjs@1.1.0-beta1
10 verbose addNamed "1.1.0-beta1" is a plain semver version for casperjs
11 silly mapToRegistry name casperjs
12 silly mapToRegistry using default registry
13 silly mapToRegistry registry https://registry.npmjs.org/
14 silly mapToRegistry uri https://registry.npmjs.org/casperjs
15 verbose addNameVersion registry:https://registry.npmjs.org/casperjs not in flight; fetching
16 verbose request uri https://registry.npmjs.org/casperjs
17 verbose request no auth needed
18 info attempt registry request try #1 at 11:52:32
19 verbose request id 4995c1feb3fc84c9
20 verbose etag "BLW3MQ9H4KPD376R4ZUGFY2TP"
21 http request GET https://registry.npmjs.org/casperjs
22 http 304 https://registry.npmjs.org/casperjs
23 silly get cb [ 304,
23 silly get   { date: 'Mon, 10 Aug 2015 03:52:32 GMT',
23 silly get     via: '1.1 varnish',
23 silly get     'cache-control': 'max-age=60',
23 silly get     etag: '"BLW3MQ9H4KPD376R4ZUGFY2TP"',
23 silly get     age: '41',
23 silly get     connection: 'keep-alive',
23 silly get     'x-served-by': 'cache-nrt6127-NRT',
23 silly get     'x-cache': 'HIT',
23 silly get     'x-cache-hits': '1',
23 silly get     'x-timer': 'S1439178752.385720,VS0,VE1',
23 silly get     vary: 'Accept' } ]
24 verbose etag https://registry.npmjs.org/casperjs from cache
25 verbose get saving casperjs to /Users/chenpingyuan/.npm/registry.npmjs.org/casperjs/.cache.json
26 verbose stack Error: version not found: casperjs@1.1.0-beta1
26 verbose stack     at setData (/usr/local/lib/node_modules/npm/lib/cache/add-named.js:137:12)
26 verbose stack     at RES (/usr/local/lib/node_modules/npm/node_modules/inflight/inflight.js:23:14)
26 verbose stack     at f (/usr/local/lib/node_modules/npm/node_modules/once/once.js:17:25)
26 verbose stack     at fixName (/usr/local/lib/node_modules/npm/lib/cache/add-named.js:29:5)
26 verbose stack     at saved (/usr/local/lib/node_modules/npm/lib/cache/caching-client.js:173:7)
26 verbose stack     at FSReqWrap.oncomplete (fs.js:95:15)
27 verbose statusCode 404
28 verbose cwd /Users/chenpingyuan/workspace/test/server
29 error Darwin 14.1.1
30 error argv "/usr/local/bin/node" "/usr/local/bin/npm" "install" "casperjs@1.1.0-beta1" "-g"
31 error node v0.12.6
32 error npm  v2.11.2
33 error version not found: casperjs@1.1.0-beta1
34 error If you need help, you may report this error at:
34 error     <https://github.com/npm/npm/issues>
35 verbose exit [ 1, true ]
